<?xml version="1.0" encoding="UTF-8"?>
<coverage generated="1775324015653" clover="3.2.0">
  <project timestamp="1775324015653" name="All files">
    <metrics statements="66" coveredstatements="56" conditionals="65" coveredconditionals="55" methods="14" coveredmethods="11" elements="145" coveredelements="122" complexity="0" loc="66" ncloc="66" packages="1" files="2" classes="2"/>
    <file name="constants.ts" path="C:\Users\polis\OneDrive\Desktop\qgx-nextjs\lib\constants.ts">
      <metrics statements="8" coveredstatements="8" conditionals="0" coveredconditionals="0" methods="0" coveredmethods="0"/>
      <line num="3" count="7" type="stmt"/>
      <line num="13" count="4" type="stmt"/>
      <line num="15" count="2" type="stmt"/>
      <line num="16" count="1" type="stmt"/>
      <line num="17" count="1" type="stmt"/>
      <line num="18" count="1" type="stmt"/>
      <line num="19" count="1" type="stmt"/>
      <line num="20" count="1" type="stmt"/>
    </file>
    <file name="utils.ts" path="C:\Users\polis\OneDrive\Desktop\qgx-nextjs\lib\utils.ts">
      <metrics statements="58" coveredstatements="48" conditionals="65" coveredconditionals="55" methods="14" coveredmethods="11"/>
      <line num="4" count="6" type="stmt"/>
      <line num="5" count="6" type="cond" truecount="2" falsecount="0"/>
      <line num="6" count="3" type="stmt"/>
      <line num="9" count="6" type="stmt"/>
      <line num="10" count="6" type="cond" truecount="6" falsecount="0"/>
      <line num="11" count="6" type="stmt"/>
      <line num="14" count="5" type="stmt"/>
      <line num="15" count="5" type="stmt"/>
      <line num="16" count="5" type="stmt"/>
      <line num="17" count="10" type="stmt"/>
      <line num="18" count="10" type="stmt"/>
      <line num="20" count="5" type="stmt"/>
      <line num="31" count="1" type="stmt"/>
      <line num="41" count="14" type="stmt"/>
      <line num="42" count="14" type="cond" truecount="4" falsecount="0"/>
      <line num="43" count="74" type="stmt"/>
      <line num="44" count="47" type="cond" truecount="1" falsecount="1"/>
      <line num="45" count="55" type="stmt"/>
      <line num="46" count="14" type="cond" truecount="2" falsecount="0"/>
      <line num="47" count="14" type="cond" truecount="2" falsecount="0"/>
      <line num="50" count="14" type="cond" truecount="2" falsecount="0"/>
      <line num="51" count="14" type="stmt"/>
      <line num="54" count="8" type="stmt"/>
      <line num="55" count="8" type="cond" truecount="2" falsecount="0"/>
      <line num="56" count="6" type="cond" truecount="2" falsecount="0"/>
      <line num="57" count="5" type="cond" truecount="2" falsecount="0"/>
      <line num="58" count="4" type="cond" truecount="2" falsecount="0"/>
      <line num="59" count="3" type="cond" truecount="2" falsecount="0"/>
      <line num="60" count="2" type="cond" truecount="2" falsecount="0"/>
      <line num="61" count="1" type="stmt"/>
      <line num="64" count="5" type="stmt"/>
      <line num="65" count="5" type="cond" truecount="2" falsecount="0"/>
      <line num="66" count="3" type="cond" truecount="2" falsecount="0"/>
      <line num="67" count="2" type="cond" truecount="2" falsecount="0"/>
      <line num="68" count="1" type="stmt"/>
      <line num="71" count="7" type="stmt"/>
      <line num="72" count="7" type="cond" truecount="2" falsecount="0"/>
      <line num="73" count="6" type="cond" truecount="2" falsecount="0"/>
      <line num="74" count="5" type="cond" truecount="2" falsecount="0"/>
      <line num="75" count="4" type="cond" truecount="2" falsecount="0"/>
      <line num="76" count="3" type="cond" truecount="3" falsecount="1"/>
      <line num="77" count="3" type="cond" truecount="3" falsecount="1"/>
      <line num="78" count="3" type="cond" truecount="2" falsecount="0"/>
      <line num="79" count="2" type="stmt"/>
      <line num="83" count="0" type="stmt"/>
      <line num="84" count="0" type="stmt"/>
      <line num="85" count="0" type="cond" truecount="0" falsecount="2"/>
      <line num="86" count="0" type="cond" truecount="0" falsecount="5"/>
      <line num="88" count="0" type="stmt"/>
      <line num="89" count="0" type="stmt"/>
      <line num="90" count="0" type="stmt"/>
      <line num="91" count="0" type="stmt"/>
      <line num="92" count="0" type="stmt"/>
      <line num="93" count="0" type="stmt"/>
      <line num="96" count="5" type="stmt"/>
      <line num="97" count="5" type="stmt"/>
      <line num="98" count="5" type="stmt"/>
      <line num="99" count="5" type="cond" truecount="2" falsecount="0"/>
    </file>
  </project>
</coverage>
