{"C:\\Users\\polis\\OneDrive\\Desktop\\qgx-nextjs\\lib\\constants.ts": {"path":"C:\\Users\\polis\\OneDrive\\Desktop\\qgx-nextjs\\lib\\constants.ts","statementMap":{"0":{"start":{"line":13,"column":13},"end":{"line":13,"column":17}},"1":{"start":{"line":18,"column":13},"end":{"line":18,"column":24}},"2":{"start":{"line":3,"column":13},"end":{"line":3,"column":30}},"3":{"start":{"line":17,"column":13},"end":{"line":17,"column":34}},"4":{"start":{"line":20,"column":13},"end":{"line":20,"column":26}},"5":{"start":{"line":16,"column":13},"end":{"line":16,"column":28}},"6":{"start":{"line":19,"column":13},"end":{"line":19,"column":31}},"7":{"start":{"line":15,"column":13},"end":{"line":15,"column":22}},"8":{"start":{"line":3,"column":44},"end":{"line":11,"column":null}},"9":{"start":{"line":13,"column":20},"end":{"line":13,"column":null}},"10":{"start":{"line":15,"column":25},"end":{"line":15,"column":null}},"11":{"start":{"line":16,"column":31},"end":{"line":16,"column":null}},"12":{"start":{"line":17,"column":37},"end":{"line":17,"column":47}},"13":{"start":{"line":18,"column":27},"end":{"line":18,"column":null}},"14":{"start":{"line":19,"column":34},"end":{"line":19,"column":null}},"15":{"start":{"line":20,"column":29},"end":{"line":20,"column":46}}},"fnMap":{},"branchMap":{},"s":{"0":4,"1":1,"2":7,"3":0,"4":1,"5":1,"6":0,"7":2,"8":1,"9":1,"10":1,"11":1,"12":1,"13":1,"14":1,"15":1},"f":{},"b":{}}
,"C:\\Users\\polis\\OneDrive\\Desktop\\qgx-nextjs\\lib\\utils.ts": {"path":"C:\\Users\\polis\\OneDrive\\Desktop\\qgx-nextjs\\lib\\utils.ts","statementMap":{"0":{"start":{"line":31,"column":13},"end":{"line":31,"column":30}},"1":{"start":{"line":83,"column":16},"end":{"line":83,"column":25}},"2":{"start":{"line":14,"column":16},"end":{"line":14,"column":28}},"3":{"start":{"line":64,"column":16},"end":{"line":64,"column":26}},"4":{"start":{"line":96,"column":16},"end":{"line":96,"column":27}},"5":{"start":{"line":9,"column":16},"end":{"line":9,"column":29}},"6":{"start":{"line":71,"column":16},"end":{"line":71,"column":27}},"7":{"start":{"line":41,"column":16},"end":{"line":41,"column":24}},"8":{"start":{"line":54,"column":16},"end":{"line":54,"column":23}},"9":{"start":{"line":4,"column":16},"end":{"line":4,"column":28}},"10":{"start":{"line":5,"column":2},"end":{"line":5,"column":null}},"11":{"start":{"line":5,"column":13},"end":{"line":5,"column":null}},"12":{"start":{"line":6,"column":2},"end":{"line":6,"column":null}},"13":{"start":{"line":10,"column":17},"end":{"line":10,"column":null}},"14":{"start":{"line":11,"column":2},"end":{"line":11,"column":null}},"15":{"start":{"line":15,"column":12},"end":{"line":15,"column":null}},"16":{"start":{"line":16,"column":2},"end":{"line":19,"column":null}},"17":{"start":{"line":16,"column":15},"end":{"line":16,"column":29}},"18":{"start":{"line":17,"column":14},"end":{"line":17,"column":null}},"19":{"start":{"line":18,"column":4},"end":{"line":18,"column":null}},"20":{"start":{"line":20,"column":2},"end":{"line":20,"column":null}},"21":{"start":{"line":31,"column":44},"end":{"line":39,"column":null}},"22":{"start":{"line":42,"column":15},"end":{"line":42,"column":null}},"23":{"start":{"line":43,"column":17},"end":{"line":43,"column":null}},"24":{"start":{"line":43,"column":42},"end":{"line":43,"column":53}},"25":{"start":{"line":44,"column":18},"end":{"line":44,"column":75}},"26":{"start":{"line":44,"column":35},"end":{"line":44,"column":45}},"27":{"start":{"line":45,"column":21},"end":{"line":45,"column":null}},"28":{"start":{"line":45,"column":41},"end":{"line":45,"column":66}},"29":{"start":{"line":46,"column":15},"end":{"line":46,"column":null}},"30":{"start":{"line":47,"column":19},"end":{"line":49,"column":null}},"31":{"start":{"line":50,"column":19},"end":{"line":50,"column":null}},"32":{"start":{"line":51,"column":2},"end":{"line":51,"column":null}},"33":{"start":{"line":55,"column":2},"end":{"line":55,"column":null}},"34":{"start":{"line":55,"column":18},"end":{"line":55,"column":null}},"35":{"start":{"line":56,"column":2},"end":{"line":56,"column":null}},"36":{"start":{"line":56,"column":18},"end":{"line":56,"column":null}},"37":{"start":{"line":57,"column":2},"end":{"line":57,"column":null}},"38":{"start":{"line":57,"column":18},"end":{"line":57,"column":null}},"39":{"start":{"line":58,"column":2},"end":{"line":58,"column":null}},"40":{"start":{"line":58,"column":18},"end":{"line":58,"column":null}},"41":{"start":{"line":59,"column":2},"end":{"line":59,"column":null}},"42":{"start":{"line":59,"column":18},"end":{"line":59,"column":null}},"43":{"start":{"line":60,"column":2},"end":{"line":60,"column":null}},"44":{"start":{"line":60,"column":18},"end":{"line":60,"column":null}},"45":{"start":{"line":61,"column":2},"end":{"line":61,"column":null}},"46":{"start":{"line":65,"column":2},"end":{"line":65,"column":null}},"47":{"start":{"line":65,"column":14},"end":{"line":65,"column":null}},"48":{"start":{"line":66,"column":2},"end":{"line":66,"column":null}},"49":{"start":{"line":66,"column":20},"end":{"line":66,"column":null}},"50":{"start":{"line":67,"column":2},"end":{"line":67,"column":null}},"51":{"start":{"line":67,"column":27},"end":{"line":67,"column":null}},"52":{"start":{"line":68,"column":2},"end":{"line":68,"column":null}},"53":{"start":{"line":72,"column":2},"end":{"line":72,"column":null}},"54":{"start":{"line":72,"column":13},"end":{"line":72,"column":null}},"55":{"start":{"line":73,"column":2},"end":{"line":73,"column":null}},"56":{"start":{"line":73,"column":28},"end":{"line":73,"column":null}},"57":{"start":{"line":74,"column":2},"end":{"line":74,"column":null}},"58":{"start":{"line":74,"column":30},"end":{"line":74,"column":null}},"59":{"start":{"line":75,"column":2},"end":{"line":75,"column":null}},"60":{"start":{"line":75,"column":30},"end":{"line":75,"column":null}},"61":{"start":{"line":76,"column":2},"end":{"line":76,"column":null}},"62":{"start":{"line":76,"column":58},"end":{"line":76,"column":null}},"63":{"start":{"line":77,"column":2},"end":{"line":77,"column":null}},"64":{"start":{"line":77,"column":56},"end":{"line":77,"column":null}},"65":{"start":{"line":78,"column":2},"end":{"line":78,"column":null}},"66":{"start":{"line":78,"column":28},"end":{"line":78,"column":null}},"67":{"start":{"line":79,"column":2},"end":{"line":79,"column":null}},"68":{"start":{"line":84,"column":17},"end":{"line":87,"column":null}},"69":{"start":{"line":85,"column":14},"end":{"line":85,"column":null}},"70":{"start":{"line":86,"column":4},"end":{"line":86,"column":null}},"71":{"start":{"line":88,"column":14},"end":{"line":88,"column":null}},"72":{"start":{"line":88,"column":63},"end":{"line":88,"column":88}},"73":{"start":{"line":89,"column":15},"end":{"line":89,"column":null}},"74":{"start":{"line":90,"column":14},"end":{"line":90,"column":null}},"75":{"start":{"line":91,"column":12},"end":{"line":91,"column":null}},"76":{"start":{"line":92,"column":2},"end":{"line":92,"column":16}},"77":{"start":{"line":92,"column":16},"end":{"line":92,"column":39}},"78":{"start":{"line":92,"column":39},"end":{"line":92,"column":null}},"79":{"start":{"line":93,"column":2},"end":{"line":93,"column":null}},"80":{"start":{"line":97,"column":12},"end":{"line":97,"column":null}},"81":{"start":{"line":98,"column":12},"end":{"line":98,"column":null}},"82":{"start":{"line":99,"column":2},"end":{"line":99,"column":null}}},"fnMap":{"0":{"name":"sanitizeText","decl":{"start":{"line":4,"column":16},"end":{"line":4,"column":28}},"loc":{"start":{"line":4,"column":41},"end":{"line":7,"column":null}}},"1":{"name":"generateQGXId","decl":{"start":{"line":9,"column":16},"end":{"line":9,"column":29}},"loc":{"start":{"line":9,"column":55},"end":{"line":12,"column":null}}},"2":{"name":"fisher_yates","decl":{"start":{"line":14,"column":16},"end":{"line":14,"column":28}},"loc":{"start":{"line":14,"column":40},"end":{"line":21,"column":null}}},"3":{"name":"getLevel","decl":{"start":{"line":41,"column":16},"end":{"line":41,"column":24}},"loc":{"start":{"line":41,"column":55},"end":{"line":52,"column":null}}},"4":{"name":"(anonymous_15)","decl":{"start":{"line":43,"column":32},"end":{"line":43,"column":33}},"loc":{"start":{"line":43,"column":42},"end":{"line":43,"column":53}}},"5":{"name":"(anonymous_16)","decl":{"start":{"line":44,"column":30},"end":{"line":44,"column":35}},"loc":{"start":{"line":44,"column":35},"end":{"line":44,"column":45}}},"6":{"name":"(anonymous_17)","decl":{"start":{"line":45,"column":36},"end":{"line":45,"column":41}},"loc":{"start":{"line":45,"column":41},"end":{"line":45,"column":66}}},"7":{"name":"getTier","decl":{"start":{"line":54,"column":16},"end":{"line":54,"column":23}},"loc":{"start":{"line":54,"column":34},"end":{"line":62,"column":null}}},"8":{"name":"formatSize","decl":{"start":{"line":64,"column":16},"end":{"line":64,"column":26}},"loc":{"start":{"line":64,"column":40},"end":{"line":69,"column":null}}},"9":{"name":"getFileIcon","decl":{"start":{"line":71,"column":16},"end":{"line":71,"column":27}},"loc":{"start":{"line":71,"column":40},"end":{"line":80,"column":null}}},"10":{"name":"exportCSV","decl":{"start":{"line":83,"column":16},"end":{"line":83,"column":25}},"loc":{"start":{"line":83,"column":90},"end":{"line":94,"column":null}}},"11":{"name":"(anonymous_22)","decl":{"start":{"line":84,"column":17},"end":{"line":84,"column":18}},"loc":{"start":{"line":84,"column":18},"end":{"line":87,"column":null}}},"12":{"name":"(anonymous_23)","decl":{"start":{"line":88,"column":58},"end":{"line":88,"column":63}},"loc":{"start":{"line":88,"column":63},"end":{"line":88,"column":88}}},"13":{"name":"formatTimer","decl":{"start":{"line":96,"column":16},"end":{"line":96,"column":27}},"loc":{"start":{"line":96,"column":43},"end":{"line":100,"column":null}}}},"branchMap":{"0":{"loc":{"start":{"line":5,"column":2},"end":{"line":5,"column":null}},"type":"if","locations":[{"start":{"line":5,"column":2},"end":{"line":5,"column":null}},{"start":{},"end":{}}]},"1":{"loc":{"start":{"line":10,"column":17},"end":{"line":10,"column":null}},"type":"cond-expr","locations":[{"start":{"line":10,"column":36},"end":{"line":10,"column":42}},{"start":{"line":10,"column":42},"end":{"line":10,"column":null}}]},"2":{"loc":{"start":{"line":10,"column":42},"end":{"line":10,"column":null}},"type":"cond-expr","locations":[{"start":{"line":10,"column":63},"end":{"line":10,"column":69}},{"start":{"line":10,"column":69},"end":{"line":10,"column":null}}]},"3":{"loc":{"start":{"line":10,"column":69},"end":{"line":10,"column":null}},"type":"cond-expr","locations":[{"start":{"line":10,"column":89},"end":{"line":10,"column":95}},{"start":{"line":10,"column":95},"end":{"line":10,"column":null}}]},"4":{"loc":{"start":{"line":42,"column":15},"end":{"line":42,"column":null}},"type":"cond-expr","locations":[{"start":{"line":42,"column":48},"end":{"line":42,"column":57}},{"start":{"line":42,"column":57},"end":{"line":42,"column":null}}]},"5":{"loc":{"start":{"line":42,"column":15},"end":{"line":42,"column":48}},"type":"binary-expr","locations":[{"start":{"line":42,"column":15},"end":{"line":42,"column":26}},{"start":{"line":42,"column":26},"end":{"line":42,"column":48}}]},"6":{"loc":{"start":{"line":44,"column":18},"end":{"line":44,"column":75}},"type":"binary-expr","locations":[{"start":{"line":44,"column":18},"end":{"line":44,"column":50}},{"start":{"line":44,"column":50},"end":{"line":44,"column":75}}]},"7":{"loc":{"start":{"line":46,"column":15},"end":{"line":46,"column":null}},"type":"cond-expr","locations":[{"start":{"line":46,"column":46},"end":{"line":46,"column":66}},{"start":{"line":46,"column":69},"end":{"line":46,"column":null}}]},"8":{"loc":{"start":{"line":47,"column":19},"end":{"line":49,"column":null}},"type":"cond-expr","locations":[{"start":{"line":48,"column":6},"end":{"line":48,"column":null}},{"start":{"line":49,"column":6},"end":{"line":49,"column":null}}]},"9":{"loc":{"start":{"line":50,"column":19},"end":{"line":50,"column":null}},"type":"cond-expr","locations":[{"start":{"line":50,"column":26},"end":{"line":50,"column":41}},{"start":{"line":50,"column":41},"end":{"line":50,"column":null}}]},"10":{"loc":{"start":{"line":55,"column":2},"end":{"line":55,"column":null}},"type":"if","locations":[{"start":{"line":55,"column":2},"end":{"line":55,"column":null}},{"start":{},"end":{}}]},"11":{"loc":{"start":{"line":56,"column":2},"end":{"line":56,"column":null}},"type":"if","locations":[{"start":{"line":56,"column":2},"end":{"line":56,"column":null}},{"start":{},"end":{}}]},"12":{"loc":{"start":{"line":57,"column":2},"end":{"line":57,"column":null}},"type":"if","locations":[{"start":{"line":57,"column":2},"end":{"line":57,"column":null}},{"start":{},"end":{}}]},"13":{"loc":{"start":{"line":58,"column":2},"end":{"line":58,"column":null}},"type":"if","locations":[{"start":{"line":58,"column":2},"end":{"line":58,"column":null}},{"start":{},"end":{}}]},"14":{"loc":{"start":{"line":59,"column":2},"end":{"line":59,"column":null}},"type":"if","locations":[{"start":{"line":59,"column":2},"end":{"line":59,"column":null}},{"start":{},"end":{}}]},"15":{"loc":{"start":{"line":60,"column":2},"end":{"line":60,"column":null}},"type":"if","locations":[{"start":{"line":60,"column":2},"end":{"line":60,"column":null}},{"start":{},"end":{}}]},"16":{"loc":{"start":{"line":65,"column":2},"end":{"line":65,"column":null}},"type":"if","locations":[{"start":{"line":65,"column":2},"end":{"line":65,"column":null}},{"start":{},"end":{}}]},"17":{"loc":{"start":{"line":66,"column":2},"end":{"line":66,"column":null}},"type":"if","locations":[{"start":{"line":66,"column":2},"end":{"line":66,"column":null}},{"start":{},"end":{}}]},"18":{"loc":{"start":{"line":67,"column":2},"end":{"line":67,"column":null}},"type":"if","locations":[{"start":{"line":67,"column":2},"end":{"line":67,"column":null}},{"start":{},"end":{}}]},"19":{"loc":{"start":{"line":72,"column":2},"end":{"line":72,"column":null}},"type":"if","locations":[{"start":{"line":72,"column":2},"end":{"line":72,"column":null}},{"start":{},"end":{}}]},"20":{"loc":{"start":{"line":73,"column":2},"end":{"line":73,"column":null}},"type":"if","locations":[{"start":{"line":73,"column":2},"end":{"line":73,"column":null}},{"start":{},"end":{}}]},"21":{"loc":{"start":{"line":74,"column":2},"end":{"line":74,"column":null}},"type":"if","locations":[{"start":{"line":74,"column":2},"end":{"line":74,"column":null}},{"start":{},"end":{}}]},"22":{"loc":{"start":{"line":75,"column":2},"end":{"line":75,"column":null}},"type":"if","locations":[{"start":{"line":75,"column":2},"end":{"line":75,"column":null}},{"start":{},"end":{}}]},"23":{"loc":{"start":{"line":76,"column":2},"end":{"line":76,"column":null}},"type":"if","locations":[{"start":{"line":76,"column":2},"end":{"line":76,"column":null}},{"start":{},"end":{}}]},"24":{"loc":{"start":{"line":76,"column":6},"end":{"line":76,"column":58}},"type":"binary-expr","locations":[{"start":{"line":76,"column":6},"end":{"line":76,"column":31}},{"start":{"line":76,"column":31},"end":{"line":76,"column":58}}]},"25":{"loc":{"start":{"line":77,"column":2},"end":{"line":77,"column":null}},"type":"if","locations":[{"start":{"line":77,"column":2},"end":{"line":77,"column":null}},{"start":{},"end":{}}]},"26":{"loc":{"start":{"line":77,"column":6},"end":{"line":77,"column":56}},"type":"binary-expr","locations":[{"start":{"line":77,"column":6},"end":{"line":77,"column":32}},{"start":{"line":77,"column":32},"end":{"line":77,"column":56}}]},"27":{"loc":{"start":{"line":78,"column":2},"end":{"line":78,"column":null}},"type":"if","locations":[{"start":{"line":78,"column":2},"end":{"line":78,"column":null}},{"start":{},"end":{}}]},"28":{"loc":{"start":{"line":85,"column":21},"end":{"line":85,"column":null}},"type":"binary-expr","locations":[{"start":{"line":85,"column":21},"end":{"line":85,"column":26}},{"start":{"line":85,"column":26},"end":{"line":85,"column":null}}]},"29":{"loc":{"start":{"line":86,"column":11},"end":{"line":86,"column":null}},"type":"cond-expr","locations":[{"start":{"line":86,"column":68},"end":{"line":86,"column":96}},{"start":{"line":86,"column":99},"end":{"line":86,"column":null}}]},"30":{"loc":{"start":{"line":86,"column":11},"end":{"line":86,"column":68}},"type":"binary-expr","locations":[{"start":{"line":86,"column":11},"end":{"line":86,"column":30}},{"start":{"line":86,"column":30},"end":{"line":86,"column":49}},{"start":{"line":86,"column":49},"end":{"line":86,"column":68}}]},"31":{"loc":{"start":{"line":99,"column":9},"end":{"line":99,"column":74}},"type":"cond-expr","locations":[{"start":{"line":99,"column":17},"end":{"line":99,"column":61}},{"start":{"line":99,"column":64},"end":{"line":99,"column":74}}]}},"s":{"0":0,"1":0,"2":5,"3":5,"4":5,"5":6,"6":7,"7":14,"8":8,"9":6,"10":6,"11":3,"12":3,"13":6,"14":6,"15":5,"16":5,"17":5,"18":10,"19":10,"20":5,"21":1,"22":14,"23":14,"24":74,"25":14,"26":47,"27":14,"28":55,"29":14,"30":14,"31":14,"32":14,"33":8,"34":2,"35":6,"36":1,"37":5,"38":1,"39":4,"40":1,"41":3,"42":1,"43":2,"44":1,"45":1,"46":5,"47":2,"48":3,"49":1,"50":2,"51":1,"52":1,"53":7,"54":1,"55":6,"56":1,"57":5,"58":1,"59":4,"60":1,"61":3,"62":0,"63":3,"64":0,"65":3,"66":1,"67":2,"68":0,"69":0,"70":0,"71":0,"72":0,"73":0,"74":0,"75":0,"76":0,"77":0,"78":0,"79":0,"80":5,"81":5,"82":5},"f":{"0":6,"1":6,"2":5,"3":14,"4":74,"5":47,"6":55,"7":8,"8":5,"9":7,"10":0,"11":0,"12":0,"13":5},"b":{"0":[3,3],"1":[1,5],"2":[1,4],"3":[1,3],"4":[2,12],"5":[14,2],"6":[14,0],"7":[9,5],"8":[9,5],"9":[9,5],"10":[2,6],"11":[1,5],"12":[1,4],"13":[1,3],"14":[1,2],"15":[1,1],"16":[2,3],"17":[1,2],"18":[1,1],"19":[1,6],"20":[1,5],"21":[1,4],"22":[1,3],"23":[0,3],"24":[3,3],"25":[0,3],"26":[3,3],"27":[1,2],"28":[0,0],"29":[0,0],"30":[0,0,0],"31":[3,2]}}
}
