TN:
SF:lib\constants.ts
FNF:0
FNH:0
DA:3,7
DA:13,4
DA:15,2
DA:16,1
DA:17,1
DA:18,1
DA:19,1
DA:20,1
LF:8
LH:8
BRF:0
BRH:0
end_of_record
TN:
SF:lib\utils.ts
FN:4,sanitizeText
FN:9,generateQGXId
FN:14,fisher_yates
FN:41,getLevel
FN:43,(anonymous_15)
FN:44,(anonymous_16)
FN:45,(anonymous_17)
FN:54,getTier
FN:64,formatSize
FN:71,getFileIcon
FN:83,exportCSV
FN:84,(anonymous_22)
FN:88,(anonymous_23)
FN:96,formatTimer
FNF:14
FNH:11
FNDA:6,sanitizeText
FNDA:6,generateQGXId
FNDA:5,fisher_yates
FNDA:14,getLevel
FNDA:74,(anonymous_15)
FNDA:47,(anonymous_16)
FNDA:55,(anonymous_17)
FNDA:8,getTier
FNDA:5,formatSize
FNDA:7,getFileIcon
FNDA:0,exportCSV
FNDA:0,(anonymous_22)
FNDA:0,(anonymous_23)
FNDA:5,formatTimer
DA:4,6
DA:5,6
DA:6,3
DA:9,6
DA:10,6
DA:11,6
DA:14,5
DA:15,5
DA:16,5
DA:17,10
DA:18,10
DA:20,5
DA:31,1
DA:41,14
DA:42,14
DA:43,74
DA:44,47
DA:45,55
DA:46,14
DA:47,14
DA:50,14
DA:51,14
DA:54,8
DA:55,8
DA:56,6
DA:57,5
DA:58,4
DA:59,3
DA:60,2
DA:61,1
DA:64,5
DA:65,5
DA:66,3
DA:67,2
DA:68,1
DA:71,7
DA:72,7
DA:73,6
DA:74,5
DA:75,4
DA:76,3
DA:77,3
DA:78,3
DA:79,2
DA:83,0
DA:84,0
DA:85,0
DA:86,0
DA:88,0
DA:89,0
DA:90,0
DA:91,0
DA:92,0
DA:93,0
DA:96,5
DA:97,5
DA:98,5
DA:99,5
LF:58
LH:48
BRDA:5,0,0,3
BRDA:5,0,1,3
BRDA:10,1,0,1
BRDA:10,1,1,5
BRDA:10,2,0,1
BRDA:10,2,1,4
BRDA:10,3,0,1
BRDA:10,3,1,3
BRDA:42,4,0,2
BRDA:42,4,1,12
BRDA:42,5,0,14
BRDA:42,5,1,2
BRDA:44,6,0,14
BRDA:44,6,1,0
BRDA:46,7,0,9
BRDA:46,7,1,5
BRDA:47,8,0,9
BRDA:47,8,1,5
BRDA:50,9,0,9
BRDA:50,9,1,5
BRDA:55,10,0,2
BRDA:55,10,1,6
BRDA:56,11,0,1
BRDA:56,11,1,5
BRDA:57,12,0,1
BRDA:57,12,1,4
BRDA:58,13,0,1
BRDA:58,13,1,3
BRDA:59,14,0,1
BRDA:59,14,1,2
BRDA:60,15,0,1
BRDA:60,15,1,1
BRDA:65,16,0,2
BRDA:65,16,1,3
BRDA:66,17,0,1
BRDA:66,17,1,2
BRDA:67,18,0,1
BRDA:67,18,1,1
BRDA:72,19,0,1
BRDA:72,19,1,6
BRDA:73,20,0,1
BRDA:73,20,1,5
BRDA:74,21,0,1
BRDA:74,21,1,4
BRDA:75,22,0,1
BRDA:75,22,1,3
BRDA:76,23,0,0
BRDA:76,23,1,3
BRDA:76,24,0,3
BRDA:76,24,1,3
BRDA:77,25,0,0
BRDA:77,25,1,3
BRDA:77,26,0,3
BRDA:77,26,1,3
BRDA:78,27,0,1
BRDA:78,27,1,2
BRDA:85,28,0,0
BRDA:85,28,1,0
BRDA:86,29,0,0
BRDA:86,29,1,0
BRDA:86,30,0,0
BRDA:86,30,1,0
BRDA:86,30,2,0
BRDA:99,31,0,3
BRDA:99,31,1,2
BRF:65
BRH:55
end_of_record
